<?xml version="1.0" encoding="UTF-8"?>
<!-- Generated by org.testng.reporters.JUnitReportReporter -->
<testsuite hostname="DESKTOP-4VA98U9" failures="0" tests="3" name="api.test.DDTests" time="5.314" errors="0" timestamp="2024-02-22T16:25:07 IST" skipped="0">
  <testcase classname="api.test.DDTests" name="testPostuser" time="2.318"/>
  <system-out/>
  <testcase classname="api.test.DDTests" name="testPostuser" time="1.510"/>
  <system-out/>
  <testcase classname="api.test.DDTests" name="testPostuser" time="1.486"/>
  <system-out/>
</testsuite> <!-- api.test.DDTests -->
