<?xml version="1.0" encoding="UTF-8"?>
<!-- Generated by org.testng.reporters.JUnitReportReporter -->
<testsuite hostname="DESKTOP-4VA98U9" failures="0" tests="4" name="api.test.UserTests" time="8.040" errors="0" timestamp="2023-12-28T16:13:49 IST" skipped="0">
  <testcase classname="api.test.UserTests" name="testPostUser" time="2.338"/>
  <system-out/>
  <testcase classname="api.test.UserTests" name="testGetUserByName" time="1.708"/>
  <system-out/>
  <testcase classname="api.test.UserTests" name="testUpdateUserByName" time="2.700"/>
  <system-out/>
  <testcase classname="api.test.UserTests" name="testDeleteUserByName" time="1.294"/>
  <system-out/>
</testsuite> <!-- api.test.UserTests -->
